
Adjuntando el paquete: ‘dplyr’

The following objects are masked from ‘package:stats’:

    filter, lag

The following objects are masked from ‘package:base’:

    intersect, setdiff, setequal, union


Adjuntando el paquete: ‘lubridate’

The following objects are masked from ‘package:base’:

    date, intersect, setdiff, union

https://www.biobiochile.cl/lista/busca-2020/categorias/nacional (estado: 200)
Se obtuvieron 19 noticias en https://www.biobiochile.cl/lista/busca-2020/categorias/nacional
https://www.biobiochile.cl/lista/busca-2020/categorias/economia (estado: 200)
Se obtuvieron 19 noticias en https://www.biobiochile.cl/lista/busca-2020/categorias/economia
https://www.biobiochile.cl/lista/categorias/opinion (estado: 200)
Se obtuvieron 19 noticias en https://www.biobiochile.cl/lista/categorias/opinion
# A tibble: 57 × 2
   enlace                                                                 origen
   <chr>                                                                  <chr> 
 1 https://www.biobiochile.cl/noticias/nacional/chile/2024/09/08/confirm… https…
 2 https://www.biobiochile.cl/noticias/nacional/region-del-bio-bio/2024/… https…
 3 https://www.biobiochile.cl/noticias/nacional/chile/2024/09/08/diputad… https…
 4 https://www.biobiochile.cl/noticias/nacional/chile/2024/09/08/manouch… https…
 5 https://www.biobiochile.cl/noticias/nacional/region-del-bio-bio/2024/… https…
 6 https://www.biobiochile.cl/noticias/nacional/region-de-los-rios/2024/… https…
 7 https://www.biobiochile.cl/noticias/nacional/region-de-la-araucania/2… https…
 8 https://www.biobiochile.cl/noticias/nacional/region-del-bio-bio/2024/… https…
 9 https://www.biobiochile.cl/noticias/nacional/region-metropolitana/202… https…
10 https://www.biobiochile.cl/noticias/nacional/region-de-los-lagos/2024… https…
# ℹ 47 more rows
https://www.biobiochile.cl/noticias/nacional/chile/2024/09/08/confirman-un-muerto-y-36-detenidos-tras-incidentes-en-romeria-a-cementerio-general-en-santiago.shtml (estado: 200)
No encoding supplied: defaulting to UTF-8.
https://www.biobiochile.cl/noticias/nacional/region-del-bio-bio/2024/09/08/amplian-prision-preventiva-de-adulto-mayor-tras-incidente-que-termino-con-un-muerto-en-tome.shtml (estado: 200)
No encoding supplied: defaulting to UTF-8.
https://www.biobiochile.cl/noticias/nacional/chile/2024/09/08/diputados-udi-piden-cierre-de-frontera-norte-para-evitar-nueva-oleada-migrante-por-crisis-en-venezuela.shtml (estado: 200)
No encoding supplied: defaulting to UTF-8.
https://www.biobiochile.cl/noticias/nacional/chile/2024/09/08/manoucheri-y-cicardini-ps-impulsaran-acusacion-constitucional-contra-jueces-por-caso-hermosilla.shtml (estado: 200)
No encoding supplied: defaulting to UTF-8.
https://www.biobiochile.cl/noticias/nacional/region-del-bio-bio/2024/09/08/condenan-a-17-anos-de-carcel-a-hombre-que-mato-a-su-padre-en-nacimiento.shtml (estado: 200)
No encoding supplied: defaulting to UTF-8.
https://www.biobiochile.cl/noticias/nacional/region-de-los-rios/2024/09/08/valdivia-seremi-de-educacion-anuncia-jornadas-de-contencion-tras-rinas-en-colegio-helvecia.shtml (estado: 200)
No encoding supplied: defaulting to UTF-8.
https://www.biobiochile.cl/noticias/nacional/region-de-la-araucania/2024/09/08/clausuran-matadero-clandestino-en-quepe-denuncian-posibles-casos-de-maltrato-animal.shtml (estado: 200)
No encoding supplied: defaulting to UTF-8.
https://www.biobiochile.cl/noticias/nacional/region-del-bio-bio/2024/09/08/municipio-de-santa-juana-solicitara-fin-de-concesion-tras-corte-de-luz-de-este-fin-de-semana.shtml (estado: 200)
No encoding supplied: defaulting to UTF-8.
https://www.biobiochile.cl/noticias/nacional/region-metropolitana/2024/09/08/doble-homicidio-frustrado-ciudadanos-extranjeros-fueron-atacados-a-balazos-en-san-miguel.shtml (estado: 200)
No encoding supplied: defaulting to UTF-8.
https://www.biobiochile.cl/noticias/nacional/region-de-los-lagos/2024/09/08/reintegran-a-funcionario-de-seremi-de-salud-de-los-lagos-acusado-de-acoso-sexual-y-laboral.shtml (estado: 200)
No encoding supplied: defaulting to UTF-8.
https://www.biobiochile.cl/noticias/nacional/chile/2024/09/08/corte-suprema-expresa-preocupacion-tras-revelarse-gestiones-de-hermosilla-para-nominacion-de-vivanco.shtml (estado: 200)
No encoding supplied: defaulting to UTF-8.
https://www.biobiochile.cl/noticias/nacional/chile/2024/09/08/gobierno-anuncia-querella-tras-desordenes-en-romeria-de-cementerio-general-hay-23-detenidos.shtml (estado: 200)
No encoding supplied: defaulting to UTF-8.
https://www.biobiochile.cl/noticias/nacional/region-del-bio-bio/2024/09/08/justicia-dio-plazo-final-para-cumplir-fallo-y-proceder-a-desalojo-de-toma-en-arauco.shtml (estado: 200)
No encoding supplied: defaulting to UTF-8.
https://www.biobiochile.cl/noticias/nacional/region-metropolitana/2024/09/08/romeria-al-cementerio-general-encapuchados-protagonizan-incidentes-cerca-de-la-moneda.shtml (estado: 200)
No encoding supplied: defaulting to UTF-8.
https://www.biobiochile.cl/noticias/nacional/region-de-la-araucania/2024/09/08/contraloria-acude-al-ter-para-destituir-a-alcalde-de-loncoche-que-manejo-ebrio-y-altero-documentos.shtml (estado: 200)
No encoding supplied: defaulting to UTF-8.
https://www.biobiochile.cl/noticias/nacional/region-de-los-rios/2024/09/08/sin-oposicion-de-gremios-buscan-impulsar-ley-martin-proyecto-que-busca-regular-transporte-escolar.shtml (estado: 200)
No encoding supplied: defaulting to UTF-8.
https://www.biobiochile.cl/noticias/nacional/region-de-tarapaca/2024/09/08/sismo-de-ligera-magnitud-se-percibe-en-la-zona-norte-del-pais-2.shtml (estado: 200)
No encoding supplied: defaulting to UTF-8.
https://www.biobiochile.cl/noticias/nacional/region-de-valparaiso/2024/09/08/seremi-de-salud-instruye-sumario-contra-esval-por-corte-de-agua-en-cerros-de-valparaiso.shtml (estado: 200)
No encoding supplied: defaulting to UTF-8.
https://www.biobiochile.cl/noticias/nacional/region-del-bio-bio/2024/09/08/operativo-de-la-pdi-en-hualpen-allanan-21-domicilios-detienen-a-14-personas-e-incautan-droga.shtml (estado: 200)
No encoding supplied: defaulting to UTF-8.
https://www.biobiochile.cl/noticias/economia/actualidad-economica/2024/09/07/por-que-los-argentinos-pagan-el-doble-que-los-chilenos-para-volar-a-eeuu.shtml (estado: 200)
No encoding supplied: defaulting to UTF-8.
https://www.biobiochile.cl/noticias/nacional/region-de-los-lagos/2024/09/06/ipc-en-la-region-de-los-lagos-alza-de-carnes-y-verduras-fueron-mas-altas-que-el-promedio-nacional.shtml (estado: 200)
No encoding supplied: defaulting to UTF-8.
https://www.biobiochile.cl/noticias/economia/actualidad-economica/2024/09/06/alberto-chang-desde-la-carcel-sostiene-que-no-es-un-estafador-siempre-fue-una-inversion-de-riesgos.shtml (estado: 200)
No encoding supplied: defaulting to UTF-8.
https://www.biobiochile.cl/noticias/economia/actualidad-economica/2024/09/06/mewes-cpc-apunta-como-mala-senal-alza-del-ipc-de-agosto-a-las-personas-les-afectara-el-bolsillo.shtml (estado: 200)
No encoding supplied: defaulting to UTF-8.
https://www.biobiochile.cl/noticias/economia/actualidad-economica/2024/09/06/feria-mercado-emprende-de-cenco-malls-exhibira-productos-de-pymes-locales-en-chile-peru-y-colombia.shtml (estado: 200)
No encoding supplied: defaulting to UTF-8.
https://www.biobiochile.cl/noticias/economia/negocios-y-empresas/2024/09/06/nueva-demanda-por-cortes-de-luz-saesa-es-emplazada-por-el-sernac-para-que-responda-por-danos.shtml (estado: 200)
No encoding supplied: defaulting to UTF-8.
https://www.biobiochile.cl/noticias/economia/negocios-y-empresas/2024/09/06/les-incautaron-prendas-hites-responde-acusaciones-de-levis-por-presunta-venta-de-ropa-falsificada.shtml (estado: 200)
No encoding supplied: defaulting to UTF-8.
https://www.biobiochile.cl/noticias/servicios/toma-nota/2024/09/06/emiten-alerta-de-seguridad-en-chile-por-dos-modelos-de-vehiculos-chery-tiggo.shtml (estado: 200)
No encoding supplied: defaulting to UTF-8.
https://www.biobiochile.cl/noticias/economia/negocios-y-empresas/2024/09/06/historia-repetida-y-falta-de-transparencia-las-criticas-a-acuerdo-enami-codelco-por-quebrada-blanca.shtml (estado: 200)
No encoding supplied: defaulting to UTF-8.
https://www.biobiochile.cl/noticias/economia/actualidad-economica/2024/09/06/el-desempleo-en-eeuu-rompe-racha-de-cuatro-meses-al-alza-en-medio-de-las-ansias-por-bajas-de-tipos.shtml (estado: 200)
No encoding supplied: defaulting to UTF-8.
https://www.biobiochile.cl/noticias/servicios/toma-nota/2024/09/06/las-regiones-donde-es-mas-barato-comprar-la-canasta-dieciochera-estan-mas-baratas-que-el-ano-pasado.shtml (estado: 200)
No encoding supplied: defaulting to UTF-8.
https://www.biobiochile.cl/biobiotv/programas/expreso-bio-bio/2024/09/06/ipc-de-agosto-aumenta-en-un-03-economista-asegura-que-va-a-estar-mas-caro-este-18.shtml (estado: 200)
No encoding supplied: defaulting to UTF-8.
https://www.biobiochile.cl/noticias/economia/tu-bolsillo/2024/09/06/conoce-cuanto-subira-la-unidad-de-fomento-uf-tras-el-ipc-de-agosto-que-anoto-un-03-mensual.shtml (estado: 200)
No encoding supplied: defaulting to UTF-8.
https://www.biobiochile.cl/noticias/economia/actualidad-economica/2024/09/06/el-pib-de-la-eurozona-y-de-la-ue-crecio-un-02-en-el-segundo-trimestre.shtml (estado: 200)
No encoding supplied: defaulting to UTF-8.
https://www.biobiochile.cl/noticias/economia/actualidad-economica/2024/09/06/banco-central-detallo-ipom-ante-el-senado-legisladores-preocupados-por-proyeccion-e-impacto-en-empleo.shtml (estado: 200)
No encoding supplied: defaulting to UTF-8.
https://www.biobiochile.cl/noticias/nacional/chile/2024/09/06/ministro-marcel-pone-urgencia-a-proyectos-de-inteligencia-economica-para-evitar-futuros-caso-audio.shtml (estado: 200)
No encoding supplied: defaulting to UTF-8.
https://www.biobiochile.cl/noticias/internacional/eeuu/2024/09/06/que-proponen-en-materia-economica-kamala-harris-y-donald-trump-de-cara-a-las-elecciones-de-ee-uu.shtml (estado: 200)
No encoding supplied: defaulting to UTF-8.
https://www.biobiochile.cl/noticias/economia/actualidad-economica/2024/09/06/el-dolar-se-mueve-a-la-baja-tras-datos-de-eeuu-y-el-peso-chileno-podria-empezar-a-fortalecerse.shtml (estado: 200)
No encoding supplied: defaulting to UTF-8.
https://www.biobiochile.cl/noticias/economia/actualidad-economica/2024/09/06/el-ipc-vario-03-en-agosto-el-pollo-y-las-verduras-entre-los-productos-que-mas-subieron-de-precio.shtml (estado: 200)
No encoding supplied: defaulting to UTF-8.
https://www.biobiochile.cl/noticias/opinion/columnas-bbcl/2024/09/06/el-celular-como-testigo-de-nuestras-crisis-morales.shtml (estado: 200)
No encoding supplied: defaulting to UTF-8.
https://www.biobiochile.cl/noticias/opinion/tu-voz/2024/09/06/mama-no-me-contratan-quieren-a-alguien-mas-rapida.shtml (estado: 200)
No encoding supplied: defaulting to UTF-8.
https://www.biobiochile.cl/noticias/opinion/columnas-bbcl/2024/09/06/el-octubrismo-sigue-activo.shtml (estado: 200)
No encoding supplied: defaulting to UTF-8.
https://www.biobiochile.cl/noticias/opinion/tu-voz/2024/09/06/ley-karin-a-que-le-tememos.shtml (estado: 200)
No encoding supplied: defaulting to UTF-8.
https://www.biobiochile.cl/noticias/opinion/tu-voz/2024/09/06/de-verdad-a-nadie-le-importa-el-suicidio-en-chile.shtml (estado: 200)
No encoding supplied: defaulting to UTF-8.
https://www.biobiochile.cl/noticias/opinion/columnas-bbcl/2024/09/05/hitos-aviones-y-una-relacion-con-argentina-cada-vez-mas-confusa.shtml (estado: 200)
No encoding supplied: defaulting to UTF-8.
https://www.biobiochile.cl/noticias/opinion/columnas-bbcl/2024/09/05/a-dos-anos-del-plebiscito-de-2022-cuando-se-jodio-la-convencion.shtml (estado: 200)
No encoding supplied: defaulting to UTF-8.
https://www.biobiochile.cl/noticias/opinion/columnas-bbcl/2024/09/05/los-letrados-el-poder-y-el-rechazo-constitucional.shtml (estado: 200)
No encoding supplied: defaulting to UTF-8.
https://www.biobiochile.cl/noticias/opinion/tu-voz/2024/09/04/ee-uu-china-y-la-inteligencia-artificial-la-guerra-fria-2-0.shtml (estado: 200)
No encoding supplied: defaulting to UTF-8.
https://www.biobiochile.cl/noticias/opinion/tu-voz/2024/09/04/la-basura-nos-ahoga-en-el-valle-de-la-lluta.shtml (estado: 200)
No encoding supplied: defaulting to UTF-8.
https://www.biobiochile.cl/noticias/opinion/columnas-bbcl/2024/09/04/los-whatsapp-de-hermosilla-un-container-de-secretos.shtml (estado: 200)
No encoding supplied: defaulting to UTF-8.
https://www.biobiochile.cl/noticias/opinion/tu-voz/2024/09/04/los-prejuicios-activistas-sobre-la-detransicion-y-la-insistencia-del-programa-crece-con-orgullo.shtml (estado: 200)
No encoding supplied: defaulting to UTF-8.
https://www.biobiochile.cl/noticias/opinion/columnas-bbcl/2024/09/04/listas-de-espera-la-apuesta-por-una-alianza-estrategica-entre-lo-publico-y-lo-privado.shtml (estado: 200)
No encoding supplied: defaulting to UTF-8.
https://www.biobiochile.cl/noticias/opinion/columnas-bbcl/2024/09/04/argentina-puertos-chilenos-y-administracion-conjunta-del-estrecho-de-magallanes.shtml (estado: 200)
No encoding supplied: defaulting to UTF-8.
https://www.biobiochile.cl/noticias/opinion/tu-voz/2024/09/03/la-obsolescencia-del-hombre-en-la-era-de-las-redes-sociales.shtml (estado: 200)
No encoding supplied: defaulting to UTF-8.
https://www.biobiochile.cl/noticias/opinion/columnas-bbcl/2024/09/03/decimas-de-los-hermanos-uno-bueno-y-otro-malo.shtml (estado: 200)
No encoding supplied: defaulting to UTF-8.
https://www.biobiochile.cl/noticias/opinion/tu-voz/2024/09/03/fiestas-patrias-en-la-oficina-el-preciado-aguinaldo.shtml (estado: 200)
No encoding supplied: defaulting to UTF-8.
https://www.biobiochile.cl/noticias/opinion/tu-voz/2024/09/03/ley-de-proteccion-de-datos-una-nueva-era-para-las-empresas-digitales.shtml (estado: 200)
No encoding supplied: defaulting to UTF-8.
https://www.biobiochile.cl/noticias/opinion/tu-voz/2024/09/03/encuesta-enusc-un-avance-para-comprender-la-complejidad-del-crimen-en-chile.shtml (estado: 200)
No encoding supplied: defaulting to UTF-8.
Aviso:
In dir.create("resultados/biobio/") : 'resultados/biobio' ya existe
listo cron biobio 2024-09-08 20:43:19.360197
