
Adjuntando el paquete: ‘dplyr’

The following objects are masked from ‘package:stats’:

    filter, lag

The following objects are masked from ‘package:base’:

    intersect, setdiff, setequal, union


Adjuntando el paquete: ‘lubridate’

The following objects are masked from ‘package:base’:

    date, intersect, setdiff, union

No encoding supplied: defaulting to UTF-8.
Se obtuvieron 6 noticias en https://lahora.cl/cronica/
No encoding supplied: defaulting to UTF-8.
Se obtuvieron 6 noticias en https://lahora.cl/tv/
https://lahora.cl/cronica/2024/09/09/lo-que-faltaba-tercer-acusado-del-megaincendio-en-vina-era-funcionario-de-senapred-y-esta-es-su-identidad/ (estado: 200)
No encoding supplied: defaulting to UTF-8.
https://lahora.cl/cronica/2024/09/09/happyland-celebra-el-mes-de-la-patria-con-promocion-que-regala-18-juegos-gratis/ (estado: 200)
No encoding supplied: defaulting to UTF-8.
https://lahora.cl/cronica/2024/09/09/a-vista-de-todos-asesinan-a-sujeto-de-balazos-en-axila-y-menton-en-santiago-centro/ (estado: 200)
No encoding supplied: defaulting to UTF-8.
https://lahora.cl/cronica/2024/09/09/agradezco-enormemente-cecilia-morel-realizo-aporte-en-dinero-a-campana-de-karla-rubilar/ (estado: 200)
No encoding supplied: defaulting to UTF-8.
https://lahora.cl/cronica/2024/09/09/urgente-cae-tercer-implicado-en-megaincendio-de-valparaiso-murieron-137-personas/ (estado: 200)
No encoding supplied: defaulting to UTF-8.
https://lahora.cl/cronica/2024/09/09/parten-las-multas-que-autos-deben-tener-el-grabado-de-patente-desde-esta-semana/ (estado: 200)
No encoding supplied: defaulting to UTF-8.
https://lahora.cl/tv/2024/09/08/entrevista-l-en-maipu-no-se-vota-a-un-mister-chile-maximo-quitral-apuesta-por-derrocar-a-tomas-vodanovic/ (estado: 200)
No encoding supplied: defaulting to UTF-8.
https://lahora.cl/tv/2024/09/06/entrevista-los-vecinos-no-pueden-andar-persiguiendo-traficantes-edita-alarcon-y-las-preocupaciones-de-la-granja/ (estado: 200)
No encoding supplied: defaulting to UTF-8.
https://lahora.cl/tv/2024/09/05/los-amigos-de-daniel-jadue-y-el-pc-tendran-que-irse-de-lo-espejo-miguel-bruna-apunta-a-ordenar-la-casa/ (estado: 200)
No encoding supplied: defaulting to UTF-8.
https://lahora.cl/tv/2024/09/03/llegamos-en-una-situacion-precaria-pedro-carcuro-y-el-regreso-de-la-roja-a-las-clasificatorias/ (estado: 200)
No encoding supplied: defaulting to UTF-8.
https://lahora.cl/tv/2024/09/02/entrevista-l-no-se-hablara-mas-de-las-esquinas-de-la-muerte-daniela-parada-y-la-delincuencia-en-independencia/ (estado: 200)
No encoding supplied: defaulting to UTF-8.
https://lahora.cl/tv/2024/08/27/entrevista-l-aqui-y-ahora-daniel-reyes-invito-a-los-candidatos-de-la-florida-a-realizarse-el-test-de-drogas/ (estado: 200)
No encoding supplied: defaulting to UTF-8.
listo cron lahora 2024-09-09 21:22:35.654739
