
Adjuntando el paquete: ‘dplyr’

The following objects are masked from ‘package:stats’:

    filter, lag

The following objects are masked from ‘package:base’:

    intersect, setdiff, setequal, union


Adjuntando el paquete: ‘lubridate’

The following objects are masked from ‘package:base’:

    date, intersect, setdiff, union

https://www.adnradio.cl/noticias/nacional/ (estado: 200)
Se obtuvieron 39 noticias en https://www.adnradio.cl/noticias/nacional/
https://www.adnradio.cl/noticias/politica/ (estado: 200)
Se obtuvieron 39 noticias en https://www.adnradio.cl/noticias/politica/
https://www.adnradio.cl/2024/09/09/de-heroe-a-villano-bombero-detenido-por-incendios-en-valparaiso-habia-sido-destacado-por-la-comunidad-tras-un-acto-heroico/ (estado: 200)
https://www.adnradio.cl/2024/09/09/presentan-monoposte-inteligente-en-independencia-para-combatir-la-delincuencia-asi-son-y-esto-es-lo-que-hacen/ (estado: 200)
https://www.adnradio.cl/2024/09/09/senapred-anuncia-desvinculacion-de-trabajador-detenido-implicado-en-incendios-forestales-de-valparaiso/ (estado: 200)
https://www.adnradio.cl/2024/09/09/diputado-aedo-y-ac-contra-angela-vivanco-estamos-enfrentando-la-mayor-crisis-del-sistema-judicial-la-corrupcion-ha-penetrado-de-manera-notable/ (estado: 200)
https://www.adnradio.cl/2024/09/09/caso-audios-fiscalia-iniciara-un-procedimiento-penal-de-oficio-en-contra-de-angela-vivanco/ (estado: 200)
https://www.adnradio.cl/2024/09/09/diputados-del-psc-apoyan-acusacion-constitucional-contra-angela-vivanco-creemos-que-es-la-decision-correcta/ (estado: 200)
https://www.adnradio.cl/2024/09/09/aumenta-precio-de-canasta-basica-de-alimentos-revisa-que-valor-alcanzo-y-cuales-son-las-nuevas-lineas-de-pobreza/ (estado: 200)
https://www.adnradio.cl/2024/09/09/chile-vamos-anuncia-acusacion-constitucional-contra-los-magistrados-angela-vivanco-y-sergio-munoz/ (estado: 200)
https://www.adnradio.cl/2024/09/09/dos-mujeres-quedan-en-prision-preventiva-tras-el-robo-de-panes-en-hogar-de-menores-de-freirina/ (estado: 200)
https://www.adnradio.cl/2024/09/09/bombero-y-trabajador-de-senapred-quien-es-y-que-se-sabe-del-tercer-detenido-por-incendios-en-valparaiso-que-dejaron-137-muertos/ (estado: 200)
https://www.adnradio.cl/2024/09/09/hallan-cadaver-de-hombre-al-costado-del-hospital-biprovincial-de-quillota-petorca/ (estado: 200)
https://www.adnradio.cl/2024/09/09/homicidio-en-pleno-centro-de-santiago-hombre-es-asesinado-a-tiros-en-la-via-publica/ (estado: 200)
https://www.adnradio.cl/2024/09/09/detienen-a-tercer-posible-implicado-en-los-incendios-forestales-de-febrero-que-dejaron-137-muertos-en-valparaiso/ (estado: 200)
https://www.adnradio.cl/2024/09/09/hombre-muere-mientras-escapaba-de-carabineros-descendio-con-sabanas-y-cayo-desde-nueve-metros/ (estado: 200)
https://www.adnradio.cl/2024/09/09/entregan-orden-al-merito-artistico-y-cultural-pablo-neruda-a-musico-andre-rieu-me-siento-muy-orgulloso/ (estado: 200)
https://www.adnradio.cl/2024/09/09/ministra-vivanco-asegura-que-no-renunciara-a-la-corte-suprema-y-se-defendera-con-todas-las-herramientas-que-le-confiere-la-ley/ (estado: 200)
https://www.adnradio.cl/2024/09/09/se-estima-una-duracion-de-cerca-de-240-dias-fijan-fecha-para-juicio-oral-contra-claudio-crespo-por-el-caso-gustavo-gatica/ (estado: 200)
https://www.adnradio.cl/2024/09/09/historica-sentencia-de-pluriparentalidad-en-osorno-nino-sera-registrado-con-dos-padres-y-su-madre-tras-ser-escuchado-por-tribunal/ (estado: 200)
https://www.adnradio.cl/2024/09/09/caso-audios-rodolfo-carter-saca-a-felipe-ward-como-asesor-de-su-municipio-tras-su-presunta-vinculacion-con-luis-hermosilla/ (estado: 200)
https://www.adnradio.cl/2024/09/09/alertan-por-llegada-de-nuevos-vientos-a-chile-que-dias-seran-y-en-que-regiones/ (estado: 200)
https://www.adnradio.cl/2024/09/09/caso-audios-estas-son-las-6-acusaciones-que-debera-responder-angela-vivanco-tras-su-suspension-de-la-corte-suprema/ (estado: 200)
https://www.adnradio.cl/2024/09/09/lluvia-en-santiago-meteored-adelanta-que-comunas-seran-afectadas-y-cuantos-milimetros-dejaran-las-precipitaciones/ (estado: 200)
https://www.adnradio.cl/2024/09/09/en-el-mes-de-la-prevencion-del-suicidio-el-impacto-de-las-redes-sociales-en-la-salud-mental/ (estado: 200)
https://www.adnradio.cl/2024/09/09/caso-factop-rodrigo-topelberg-vuelve-a-prision-preventiva-en-capitan-yaber/ (estado: 200)
https://www.adnradio.cl/2024/09/09/la-decision-fue-clara-precisa-y-unanime-ministra-gloria-ana-chevesich-por-suspension-de-funciones-de-angela-vivanco/ (estado: 200)
https://www.adnradio.cl/2024/09/09/megaoperativo-policial-desarticula-casinos-clandestinos-en-7-regiones-de-chile-hay-al-menos-20-detenidos/ (estado: 200)
https://www.adnradio.cl/2024/09/09/ministra-vallejo-y-chats-entre-luis-hermosilla-y-angela-vivanco-dan-cuenta-de-un-posible-trafico-de-influencias/ (estado: 200)
https://www.adnradio.cl/2024/09/09/apunalan-en-santiago-1-al-perro-elvis-temido-sicario-imputado-por-multiples-homicidios-en-la-pintana/ (estado: 200)
https://www.adnradio.cl/2024/09/09/tras-quedar-en-libertad-siete-personas-profugas-vinculadas-a-banda-narco-de-ovalle-se-entregan-voluntariamente/ (estado: 200)
https://www.adnradio.cl/2024/09/09/hermano-de-sebastian-pinera-impacto-al-firmar-por-nuevo-reality-de-canal-13-es-el-primer-confirmado/ (estado: 200)
https://www.adnradio.cl/2024/09/09/ex-de-rafael-cavada-lo-acuso-de-violencia-economica-cuanto-abuso-tiene-que-soportar-una-mujer-despues-de-una-separacion/ (estado: 200)
https://www.adnradio.cl/2024/09/09/todo-sobre-el-iphone-16-revisa-las-novedades-que-traera-el-nuevo-modelo-de-apple/ (estado: 200)
https://www.adnradio.cl/2024/09/09/shogun-hace-historia-en-los-premios-emmy-2024-con-sus-variadas-nominaciones/ (estado: 200)
https://www.adnradio.cl/2024/09/09/hombre-desaparecio-en-1991-y-reaparecio-30-anos-despues-con-la-misma-ropa-esto-fue-lo-que-dijo-tras-volver-a-su-casa/ (estado: 200)
https://www.adnradio.cl/2024/09/09/lloran-los-fanaticos-muere-james-earl-jones-la-iconica-voz-de-mufasa-y-darth-vader/ (estado: 200)
https://www.adnradio.cl/2024/09/09/ea-sports-fc-25-revelan-las-medias-de-los-mejores-jugadores-del-juego/ (estado: 200)
https://www.adnradio.cl/2024/09/09/tras-anos-de-solteria-y-poca-suerte-en-el-amor-daniel-valenzuela-presento-a-su-nueva-y-guapa-pareja/ (estado: 200)
https://www.adnradio.cl/2024/09/09/se-acabo-y-se-desato-el-llanto-gran-hermano-decidio-terminar-con-una-de-sus-mas-controvertidas-jugadas-de-la-segunda-temporada/ (estado: 200)
https://www.adnradio.cl/2024/09/09/asi-se-vera-el-nuevo-chingao-liberan-exclusivas-imagenes-del-remake-de-amores-de-mercado/ (estado: 200)
https://www.adnradio.cl/2024/09/09/jose-antonio-kast-y-vinculo-de-andres-chadwick-en-caso-audios-es-una-decision-personal-dar-una-explicacion-a-lo-que-ocurre/ (estado: 200)
https://www.adnradio.cl/2024/09/09/caso-audios-diputada-musante-ind-pide-incautar-telefonos-de-andres-chadwick-angela-vivanco-y-jean-pierre-matus/ (estado: 200)
https://www.adnradio.cl/2024/09/08/subsecretario-monsalve-tras-revelacion-de-chats-entre-hermosilla-y-angela-vivanco-el-trafico-de-influencias-no-permite-la-igualdad-ante-la-ley/ (estado: 200)
https://www.adnradio.cl/2024/09/08/gobierno-de-chile-lamenta-el-exilio-forzado-de-edmundo-gonzalez-y-rechaza-persecucion-que-sufrio-lider-opositor/ (estado: 200)
https://www.adnradio.cl/2024/09/08/el-esta-en-serios-problemas-senador-ossandon-rn-cuestiona-blindaje-a-andres-chadwick/ (estado: 200)
https://www.adnradio.cl/2024/09/08/candidatos-a-alcalde-de-recoleta-conversan-sobre-las-urgencias-de-seguridad-en-la-comuna/ (estado: 200)
https://www.adnradio.cl/2024/09/08/tras-revelacion-de-chats-entre-hermosilla-y-angela-vivanco-anuncian-acusacion-constitucional-contra-ministra-de-la-corte-suprema/ (estado: 200)
https://www.adnradio.cl/2024/09/08/edmundo-gonzalez-abandona-venezuela-tras-pedir-asilo-en-espana/ (estado: 200)
https://www.adnradio.cl/2024/09/07/caso-audios-ministro-cordero-respalda-a-fiscalia-por-refuerzo-a-proteccion-a-datos-personales-de-celular-de-luis-hermosilla-tras-supuesta-filtracion/ (estado: 200)
https://www.adnradio.cl/2024/09/06/no-me-interesa-polemizar-con-el-caballero-ministra-vallejo-responde-a-kast-por-criticas-a-gobiernos-de-bachelet-y-boric/ (estado: 200)
https://www.adnradio.cl/2024/09/06/tras-consejo-de-gabinete-presidente-boric-traza-objetivos-para-septiembre-e-ingresara-proyectos-de-eutanasia-y-fin-del-cae/ (estado: 200)
https://www.adnradio.cl/2024/09/06/director-de-criteria-y-consecuencias-del-caso-hermosilla-de-cara-a-las-elecciones-2024-para-chile-vamos-es-un-tremendo-problema/ (estado: 200)
https://www.adnradio.cl/2024/09/05/ministro-montes-y-sumario-en-vivienda-por-arista-grupo-patio-en-caso-audios-en-cinco-dias-tendremos-el-informe-para-el-ministerio-publico/ (estado: 200)
https://www.adnradio.cl/2024/09/05/valentin-trujillo-recibe-el-premio-nacional-de-artes-musicales-2024/ (estado: 200)
https://www.adnradio.cl/2024/09/05/no-tengo-intercambios-de-whatsapp-con-el-ministro-elizalde-descarta-conocer-a-luis-hermosilla-tras-aparecer-mencionado-en-un-chat/ (estado: 200)
https://www.adnradio.cl/2024/09/05/candidata-a-concejal-por-nunoa-hace-inedita-solicitud-para-levantar-su-secreto-bancario-si-otros-no-se-suman-quedaran-en-una-posicion-desmejorada/ (estado: 200)
https://www.adnradio.cl/2024/09/04/conflicto-en-la-democracia-cristiana-por-apoyo-de-eduardo-frei-a-candidato-independiente-piden-que-pase-al-tribunal-supremo/ (estado: 200)
https://www.adnradio.cl/2024/09/04/jorge-sharp-y-vinculacion-con-caso-farmacias-populares-si-yo-hubiese-tomado-parte-ese-tema-se-hubiera-sabido-hace-rato/ (estado: 200)
https://www.adnradio.cl/2024/09/04/acusan-a-la-udi-de-no-dar-mayoria-para-citar-a-andres-chadwick-a-una-sesion-especial-de-la-camara-por-caso-herosilla/ (estado: 200)
https://www.adnradio.cl/2024/09/04/tras-filtracion-de-audio-mujeres-rn-critican-dichos-de-candidato-a-gobernador-udi-contra-senadora-maria-jose-gatica/ (estado: 200)
https://www.adnradio.cl/2024/09/03/ex-consejera-del-cde-y-caso-hermosilla-el-delito-de-cohecho-y-el-delito-de-soborno-se-construyen-a-partir-de-actos-de-habla/ (estado: 200)
https://www.adnradio.cl/2024/09/03/caso-audios-las-posturas-de-chile-vamos-entre-la-defensa-a-andres-chadwick-por-vinculacion-con-luis-hermosilla-y-el-distanciamiento/ (estado: 200)
https://www.adnradio.cl/2024/09/03/udi-pide-a-boric-crear-fuerza-especial-en-la-pdi-para-expulsar-a-30-mil-migrantes/ (estado: 200)
https://www.adnradio.cl/2024/09/03/para-combatir-faltas-a-la-etica-diputados-buscan-establecer-que-todas-las-profesiones-esten-colegiadas/ (estado: 200)
https://www.adnradio.cl/2024/09/03/la-h-es-el-mundo-al-reves-karol-cariola-reacciona-a-defensa-opositora-de-las-atribuciones-presidenciales-de-gabriel-boric/ (estado: 200)
https://www.adnradio.cl/2024/09/03/monto-injustificado-diputado-bianchi-pide-al-presidente-boric-que-apoye-reduccion-de-su-futura-dieta-como-exmandatario/ (estado: 200)
https://www.adnradio.cl/2024/09/03/muy-poco-oportuno-oposicion-acude-a-contraloria-por-elogios-de-karen-doggenweiler-a-alcaldesa-ripamonti-tras-ser-confirmada-como-animadora-de-vina/ (estado: 200)
https://www.adnradio.cl/2024/09/03/soy-inocente-diputado-pulgar-niega-denuncia-por-violacion-y-apunta-a-intereses-politicos/ (estado: 200)
https://www.adnradio.cl/2024/09/03/presidente-boric-encabezara-reunion-con-parlamentarios-en-cerro-castillo-se-discutiran-temas-de-seguridad-migracion-y-situacion-carcelaria/ (estado: 200)
listo cron adnradio 2024-09-09 21:27:30.956159
