========================================================================= 
Log Path: logs/prueba.log 
Working Directory: /Users/baolea/R/prensa 
User Name: baolea 
R Version: 4.4.1 (2024-06-14) 
Machine: MacBook-Air-de-Bastian.local arm64 
Operating System: Darwin 23.6.0 Darwin Kernel Version 23.6.0: Mon Jul 29 21:14:04 PDT 2024; root:xnu-10063.141.2~1/RELEASE_ARM64_T8122 
Base Packages: stats graphics grDevices utils datasets methods base 
Other Packages: logr_1.3.8 common_1.1.3 future_1.34.0 lubridate_1.9.3 glue_1.7.0 purrr_1.0.2 stringr_1.5.1 polite_0.1.3 rvest_1.0.4 dplyr_1.1.4 
Log Start Time: 2024-09-06 00:11:16.283423 
========================================================================= 

Error in file.remove(log) : invalid first filename 
Traceback: 
1: file.remove(log) 

NOTE: Log Print Time:  2024-09-06 00:17:13.149106 
NOTE: Elapsed Time: 5.94775698184967 mins 

========================================================================= 
Log End Time: 2024-09-06 00:17:13.151298 
Log Elapsed Time: 0 00:05:56 
========================================================================= 
